Removed Member From Class: ClassName=PIC Member=R8
Added Component: Designator=P3(HDR1X2)
Add component (AddParameter): Name = "LatestRevisionDate"; Value = "17-Jul-2002"; VariantName = "[No Variations]"
Add component (AddParameter): Name = "LatestRevisionNote"; Value = "Re-released for DXP Platform."; VariantName = "[No Variations]"
Add component (AddParameter): Name = "Publisher"; Value = "Altium Limited"; VariantName = "[No Variations]"
Change Net Name : Old Net Name=NetA1_10 New Net Name=On/Off
Change Net Name : Old Net Name=NetC6_2 New Net Name=IC2 VC+
Change Net Name : Old Net Name=NetD1_1 New Net Name=Vin
Change Net Name : Old Net Name=NetD2_1 New Net Name=N2
Change Net Name : Old Net Name=NetD3_2 New Net Name=Jumper 1
Change Net Name : Old Net Name=NetD4_2 New Net Name=N3
Change Net Name : Old Net Name=NetIC2_2 New Net Name=IC2 FB
Change Net Name : Old Net Name=NetIC10_2 New Net Name=DPOT W
Change Net Name : Old Net Name=NetIC11_8 New Net Name=DPOT B
Added Pin To Net: NetName=Pgr jmp 1 Pin=P3-2
Added Pin To Net: NetName=Pgr jmp 1 Pin=R6-1
Added Pin To Net: NetName=Pgr jmp 1 Pin=R7-2
Added Net: Name=Pgr jmp 1
Added Pin To Net: NetName=Prg jmp 2 Pin=C17-2
Added Pin To Net: NetName=Prg jmp 2 Pin=P3-1
Added Net: Name=Prg jmp 2
Added Member To Class: ClassName=PIC Member=Component J3 PIC18F24J11-I/SP
Added Member To Class: ClassName=PIC Member=Component P3 Header 2
Added Room: Name=Interface
Added Room: Name=Oscillator
Added Room: Name=PIC
Added Room: Name=Power management
